   Compiling proc-macro2 v1.0.106
   Compiling unicode-ident v1.0.24
   Compiling quote v1.0.45
   Compiling serde_core v1.0.228
    Checking memchr v2.8.0
   Compiling zmij v1.0.21
   Compiling thiserror v1.0.69
   Compiling serde v1.0.228
   Compiling serde_json v1.0.149
    Checking winnow v1.0.0
    Checking once_cell v1.21.4
    Checking regex-syntax v0.8.10
    Checking winnow v0.7.15
    Checking pin-project-lite v0.2.17
    Checking itoa v1.0.18
    Checking toml_writer v1.1.0+spec-1.1.0
    Checking tracing-core v0.1.36
    Checking aho-corasick v1.1.4
    Checking toml_parser v1.1.0+spec-1.1.0
    Checking regex-automata v0.4.14
    Checking regex v1.12.3
   Compiling syn v2.0.117
   Compiling tracing-attributes v0.1.31
   Compiling serde_derive v1.0.228
   Compiling thiserror-impl v1.0.69
    Checking tracing v0.1.44
    Checking toml_datetime v0.7.5+spec-1.1.0
    Checking serde_spanned v1.1.0
    Checking toml v0.9.12+spec-1.1.0
    Checking authjar v0.1.0 (/home/mukund-thiru/Santh/libs/authjar)
error: docs for function returning `Result` missing `# Errors` section
  --> src/session.rs:57:5
   |
57 |     pub fn from_toml_str(value: &str) -> Result<Self, AuthJarError> {
   |     ^^^^^^^^^^^^^^^^^^^^^^^^^^^^^^^^^^^^^^^^^^^^^^^^^^^^^^^^^^^^^^^
   |
   = help: for further information visit https://rust-lang.github.io/rust-clippy/rust-1.93.0/index.html#missing_errors_doc
   = note: `-D clippy::missing-errors-doc` implied by `-D warnings`
   = help: to override `-D warnings` add `#[allow(clippy::missing_errors_doc)]`

error: this function has a `#[must_use]` attribute with no message, but returns a type already marked as `#[must_use]`
  --> src/session.rs:57:5
   |
57 |     pub fn from_toml_str(value: &str) -> Result<Self, AuthJarError> {
   |     ^^^^^^^^^^^^^^^^^^^^^^^^^^^^^^^^^^^^^^^^^^^^^^^^^^^^^^^^^^^^^^^
   |
   = help: either add some descriptive message or remove the attribute
   = help: for further information visit https://rust-lang.github.io/rust-clippy/rust-1.93.0/index.html#double_must_use
   = note: `-D clippy::double-must-use` implied by `-D warnings`
   = help: to override `-D warnings` add `#[allow(clippy::double_must_use)]`

error: docs for function returning `Result` missing `# Errors` section
  --> src/session.rs:62:5
   |
62 |     pub fn from_toml_file(path: impl AsRef<Path>) -> Result<Self, AuthJarError> {
   |     ^^^^^^^^^^^^^^^^^^^^^^^^^^^^^^^^^^^^^^^^^^^^^^^^^^^^^^^^^^^^^^^^^^^^^^^^^^^
   |
   = help: for further information visit https://rust-lang.github.io/rust-clippy/rust-1.93.0/index.html#missing_errors_doc

error: docs for function returning `Result` missing `# Errors` section
  --> src/session.rs:68:5
   |
68 |     pub fn save_to_toml_file(&self, path: impl AsRef<Path>) -> Result<(), AuthJarError> {
   |     ^^^^^^^^^^^^^^^^^^^^^^^^^^^^^^^^^^^^^^^^^^^^^^^^^^^^^^^^^^^^^^^^^^^^^^^^^^^^^^^^^^^
   |
   = help: for further information visit https://rust-lang.github.io/rust-clippy/rust-1.93.0/index.html#missing_errors_doc

error: these match arms have identical bodies
   --> src/session.rs:119:13
    |
119 |             Some(_) => line,
    |             ^^^^^^^^^^^^^^^
120 |             None => line,
    |             ^^^^^^^^^^^^
    |
    = help: if this is unintentional make the arms return different values
    = help: for further information visit https://rust-lang.github.io/rust-clippy/rust-1.93.0/index.html#match_same_arms
    = note: `-D clippy::match-same-arms` implied by `-D warnings`
    = help: to override `-D warnings` add `#[allow(clippy::match_same_arms)]`
help: otherwise merge the patterns into a single arm
    |
119 ~             Some(_) | None => line,
120 ~             };
    |

error: docs for function returning `Result` missing `# Errors` section
   --> src/session.rs:378:5
    |
378 |     pub fn save_to_file(&self, path: impl AsRef<Path>) -> Result<(), AuthJarError> {
    |     ^^^^^^^^^^^^^^^^^^^^^^^^^^^^^^^^^^^^^^^^^^^^^^^^^^^^^^^^^^^^^^^^^^^^^^^^^^^^^^
    |
    = help: for further information visit https://rust-lang.github.io/rust-clippy/rust-1.93.0/index.html#missing_errors_doc

error: docs for function returning `Result` missing `# Errors` section
   --> src/session.rs:385:5
    |
385 |     pub fn load_from_file(path: impl AsRef<Path>) -> Result<Self, AuthJarError> {
    |     ^^^^^^^^^^^^^^^^^^^^^^^^^^^^^^^^^^^^^^^^^^^^^^^^^^^^^^^^^^^^^^^^^^^^^^^^^^^
    |
    = help: for further information visit https://rust-lang.github.io/rust-clippy/rust-1.93.0/index.html#missing_errors_doc

error: could not compile `authjar` (lib) due to 7 previous errors
warning: build failed, waiting for other jobs to finish...
error: field assignment outside of initializer for an instance created with Default::default()
   --> src/session.rs:536:9
    |
536 |         settings.match_subdomains = false;
    |         ^^^^^^^^^^^^^^^^^^^^^^^^^^^^^^^^^^
    |
note: consider initializing the variable with `session::SessionSettings { match_subdomains: false, ..Default::default() }` and removing relevant reassignments
   --> src/session.rs:535:9
    |
535 |         let mut settings = SessionSettings::default();
    |         ^^^^^^^^^^^^^^^^^^^^^^^^^^^^^^^^^^^^^^^^^^^^^^
    = help: for further information visit https://rust-lang.github.io/rust-clippy/rust-1.93.0/index.html#field_reassign_with_default
    = note: `-D clippy::field-reassign-with-default` implied by `-D warnings`
    = help: to override `-D warnings` add `#[allow(clippy::field_reassign_with_default)]`

error: field assignment outside of initializer for an instance created with Default::default()
   --> src/session.rs:687:9
    |
687 |         settings.match_subdomains = false;
    |         ^^^^^^^^^^^^^^^^^^^^^^^^^^^^^^^^^^
    |
note: consider initializing the variable with `session::SessionSettings { match_subdomains: false, ..Default::default() }` and removing relevant reassignments
   --> src/session.rs:686:9
    |
686 |         let mut settings = SessionSettings::default();
    |         ^^^^^^^^^^^^^^^^^^^^^^^^^^^^^^^^^^^^^^^^^^^^^^
    = help: for further information visit https://rust-lang.github.io/rust-clippy/rust-1.93.0/index.html#field_reassign_with_default

error: field assignment outside of initializer for an instance created with Default::default()
   --> src/session.rs:740:9
    |
740 |         settings.default_domain = Some("example.com".to_string());
    |         ^^^^^^^^^^^^^^^^^^^^^^^^^^^^^^^^^^^^^^^^^^^^^^^^^^^^^^^^^^
    |
note: consider initializing the variable with `session::SessionSettings { default_domain: Some("example.com".to_string()), match_subdomains: false, ..Default::default() }` and removing relevant reassignments
   --> src/session.rs:739:9
    |
739 |         let mut settings = SessionSettings::default();
    |         ^^^^^^^^^^^^^^^^^^^^^^^^^^^^^^^^^^^^^^^^^^^^^^
    = help: for further information visit https://rust-lang.github.io/rust-clippy/rust-1.93.0/index.html#field_reassign_with_default

error: could not compile `authjar` (lib test) due to 10 previous errors
